#-----------------------------------------------------------
# Vivado v2019.2 (64-bit)
# SW Build 2708876 on Wed Nov  6 21:40:23 MST 2019
# IP Build 2700528 on Thu Nov  7 00:09:20 MST 2019
# Start of session at: Wed Jun 10 23:30:53 2020
# Process ID: 8252
# Current directory: D:/CPP/Summer 2020/3300/Projects/First Assugnment - MUX2x1
# Command line: vivado.exe -gui_launcher_event rodinguilauncherevent2120 D:\CPP\Summer 2020\3300\Projects\First Assugnment - MUX2x1\First Assugnment - MUX2x1.xpr
# Log file: D:/CPP/Summer 2020/3300/Projects/First Assugnment - MUX2x1/vivado.log
# Journal file: D:/CPP/Summer 2020/3300/Projects/First Assugnment - MUX2x1\vivado.jou
#-----------------------------------------------------------
start_gui
open_project {D:/CPP/Summer 2020/3300/Projects/First Assugnment - MUX2x1/First Assugnment - MUX2x1.xpr}
Scanning sources...
Finished scanning sources
INFO: [IP_Flow 19-234] Refreshing IP repositories
INFO: [IP_Flow 19-1704] No user IP repositories specified
INFO: [IP_Flow 19-2313] Loaded Vivado IP repository 'D:/Programs/Vivado/2019.2/data/ip'.
open_project: Time (s): cpu = 00:00:17 ; elapsed = 00:00:07 . Memory (MB): peak = 818.871 ; gain = 165.336
update_compile_order -fileset sources_1
exit
INFO: [Common 17-206] Exiting Vivado at Wed Jun 10 23:33:37 2020...
